


ARM Macro Assembler    Page 1 


    1 00000000         ;/*-----------------------------------------------------
                       ----------------------------------------------------*/
    2 00000000         ;/*                                                     
                                                                           */
    3 00000000         ;/* Copyright(c) 2009 Nuvoton Technology Corp. All right
                       s reserved.                                         */
    4 00000000         ;/*                                                     
                                                                           */
    5 00000000         ;/*-----------------------------------------------------
                       ----------------------------------------------------*/
    6 00000000         
    7 00000000 00000400 
                       Stack_Size
                               EQU              0x00000400
    8 00000000         
    9 00000000                 AREA             STACK, NOINIT, READWRITE, ALIGN
=3
   10 00000000         Stack_Mem
                               SPACE            Stack_Size
   11 00000400         __initial_sp
   12 00000400         
   13 00000400         
   14 00000400         ; <h> Heap Configuration
   15 00000400         ;   <o>  Heap Size (in Bytes) <0x0-0xFFFFFFFF:8>
   16 00000400         ; </h>
   17 00000400         
   18 00000400 00000000 
                       Heap_Size
                               EQU              0x00000000
   19 00000400         
   20 00000400                 AREA             HEAP, NOINIT, READWRITE, ALIGN=
3
   21 00000000         __heap_base
   22 00000000         Heap_Mem
                               SPACE            Heap_Size
   23 00000000         __heap_limit
   24 00000000         
   25 00000000         
   26 00000000                 PRESERVE8
   27 00000000                 THUMB
   28 00000000         
   29 00000000         
   30 00000000         ; Vector Table Mapped to Address 0 at Reset
   31 00000000                 AREA             RESET, DATA, READONLY
   32 00000000                 EXPORT           __Vectors
   33 00000000         
   34 00000000 00000000 
                       __Vectors
                               DCD              __initial_sp ; Top of Stack
   35 00000004 00000000        DCD              Reset_Handler ; Reset Handler
   36 00000008 00000000        DCD              NMI_Handler ; NMI Handler
   37 0000000C 00000000        DCD              HardFault_Handler ; Hard Fault 
                                                            Handler
   38 00000010 00000000        DCD              0           ; Reserved
   39 00000014 00000000        DCD              0           ; Reserved
   40 00000018 00000000        DCD              0           ; Reserved
   41 0000001C 00000000        DCD              0           ; Reserved
   42 00000020 00000000        DCD              0           ; Reserved
   43 00000024 00000000        DCD              0           ; Reserved



ARM Macro Assembler    Page 2 


   44 00000028 00000000        DCD              0           ; Reserved
   45 0000002C 00000000        DCD              SVC_Handler ; SVCall Handler
   46 00000030 00000000        DCD              0           ; Reserved
   47 00000034 00000000        DCD              0           ; Reserved
   48 00000038 00000000        DCD              PendSV_Handler ; PendSV Handler
                                                            
   49 0000003C 00000000        DCD              SysTick_Handler 
                                                            ; SysTick Handler
   50 00000040         
   51 00000040         ; External Interrupts
   52 00000040         ; maximum of 32 External Interrupts are possible
   53 00000040 00000000        DCD              BOD_IRQHandler
   54 00000044 00000000        DCD              WDT_IRQHandler
   55 00000048 00000000        DCD              EINT0_IRQHandler
   56 0000004C 00000000        DCD              EINT1_IRQHandler
   57 00000050 00000000        DCD              GPIOP0P1_IRQHandler
   58 00000054 00000000        DCD              GPIOP2P3P4_IRQHandler
   59 00000058 00000000        DCD              PWMA_IRQHandler
   60 0000005C 00000000        DCD              PWMB_IRQHandler
   61 00000060 00000000        DCD              TMR0_IRQHandler
   62 00000064 00000000        DCD              TMR1_IRQHandler
   63 00000068 00000000        DCD              TMR2_IRQHandler
   64 0000006C 00000000        DCD              TMR3_IRQHandler
   65 00000070 00000000        DCD              UART0_IRQHandler
   66 00000074 00000000        DCD              UART1_IRQHandler
   67 00000078 00000000        DCD              SPI0_IRQHandler
   68 0000007C 00000000        DCD              SPI1_IRQHandler
   69 00000080 00000000        DCD              Default_Handler
   70 00000084 00000000        DCD              Default_Handler
   71 00000088 00000000        DCD              I2C_IRQHandler
   72 0000008C 00000000        DCD              Default_Handler
   73 00000090 00000000        DCD              Default_Handler
   74 00000094 00000000        DCD              Default_Handler
   75 00000098 00000000        DCD              Default_Handler
   76 0000009C 00000000        DCD              Default_Handler
   77 000000A0 00000000        DCD              Default_Handler
   78 000000A4 00000000        DCD              Default_Handler
   79 000000A8 00000000        DCD              Default_Handler
   80 000000AC 00000000        DCD              Default_Handler
   81 000000B0 00000000        DCD              PWRWU_IRQHandler
   82 000000B4 00000000        DCD              ADC_IRQHandler
   83 000000B8 00000000        DCD              Default_Handler
   84 000000BC 00000000        DCD              Default_Handler
   85 000000C0         
   86 000000C0         
   87 000000C0         
   88 000000C0                 AREA             |.text|, CODE, READONLY
   89 00000000         
   90 00000000         
   91 00000000         ; Reset Handler 
   92 00000000         
   93 00000000         ;ENTRY
   94 00000000         
   95 00000000         Reset_Handler
                               PROC
   96 00000000                 EXPORT           Reset_Handler             [WEAK
]
   97 00000000                 IMPORT           __main
   98 00000000         



ARM Macro Assembler    Page 3 


   99 00000000 480D            LDR              R0, =0x50000100
  100 00000002 6901            LDR              R1, [R0, #0x10]
  101 00000004 293F            CMP              R1, #0x3F
  102 00000006 D109            BNE              %F0
  103 00000008         
  104 00000008 490C            LDR              R1, =0x59
  105 0000000A 6001            STR              R1, [R0]
  106 0000000C 490C            LDR              R1, =0x16
  107 0000000E 6001            STR              R1, [R0]
  108 00000010 490C            LDR              R1, =0x88
  109 00000012 6001            STR              R1, [R0]
  110 00000014 490C            LDR              R1, =0x20
  111 00000016 6101            STR              R1, [R0, #0x10]
  112 00000018 2100            MOVS             R1, #0
  113 0000001A 6001            STR              R1, [R0]
  114 0000001C         0
  115 0000001C         
  116 0000001C 480B            LDR              R0, =__main
  117 0000001E 4700            BX               R0
  118 00000020                 ENDP
  119 00000020         
  120 00000020         
  121 00000020         ; Dummy Exception Handlers (infinite loops which can be 
                       modified)                
  122 00000020         
  123 00000020         NMI_Handler
                               PROC
  124 00000020                 EXPORT           NMI_Handler               [WEAK
]
  125 00000020 E7FE            B                .
  126 00000022                 ENDP
  128 00000022         HardFault_Handler
                               PROC
  129 00000022                 EXPORT           HardFault_Handler         [WEAK
]
  130 00000022 E7FE            B                .
  131 00000024                 ENDP
  132 00000024         SVC_Handler
                               PROC
  133 00000024                 EXPORT           SVC_Handler               [WEAK
]
  134 00000024 E7FE            B                .
  135 00000026                 ENDP
  136 00000026         PendSV_Handler
                               PROC
  137 00000026                 EXPORT           PendSV_Handler            [WEAK
]
  138 00000026 E7FE            B                .
  139 00000028                 ENDP
  140 00000028         SysTick_Handler
                               PROC
  141 00000028                 EXPORT           SysTick_Handler           [WEAK
]
  142 00000028 E7FE            B                .
  143 0000002A                 ENDP
  144 0000002A         
  145 0000002A         Default_Handler
                               PROC
  146 0000002A         



ARM Macro Assembler    Page 4 


  147 0000002A                 EXPORT           BOD_IRQHandler            [WEAK
]
  148 0000002A                 EXPORT           WDT_IRQHandler            [WEAK
]
  149 0000002A                 EXPORT           EINT0_IRQHandler          [WEAK
]
  150 0000002A                 EXPORT           EINT1_IRQHandler          [WEAK
]
  151 0000002A                 EXPORT           GPIOP0P1_IRQHandler       [WEAK
]
  152 0000002A                 EXPORT           GPIOP2P3P4_IRQHandler     [WEAK
]
  153 0000002A                 EXPORT           PWMA_IRQHandler           [WEAK
]
  154 0000002A                 EXPORT           PWMB_IRQHandler           [WEAK
]
  155 0000002A                 EXPORT           TMR0_IRQHandler           [WEAK
]
  156 0000002A                 EXPORT           TMR1_IRQHandler           [WEAK
]
  157 0000002A                 EXPORT           TMR2_IRQHandler           [WEAK
]
  158 0000002A                 EXPORT           TMR3_IRQHandler           [WEAK
]
  159 0000002A                 EXPORT           UART0_IRQHandler          [WEAK
]
  160 0000002A                 EXPORT           UART1_IRQHandler          [WEAK
]
  161 0000002A                 EXPORT           SPI0_IRQHandler           [WEAK
]
  162 0000002A                 EXPORT           SPI1_IRQHandler           [WEAK
]
  163 0000002A                 EXPORT           I2C_IRQHandler            [WEAK
]
  164 0000002A                 EXPORT           PWRWU_IRQHandler          [WEAK
]
  165 0000002A                 EXPORT           ADC_IRQHandler            [WEAK
]
  166 0000002A         
  167 0000002A         BOD_IRQHandler
  168 0000002A         WDT_IRQHandler
  169 0000002A         EINT0_IRQHandler
  170 0000002A         EINT1_IRQHandler
  171 0000002A         GPIOP0P1_IRQHandler
  172 0000002A         GPIOP2P3P4_IRQHandler
  173 0000002A         PWMA_IRQHandler
  174 0000002A         PWMB_IRQHandler
  175 0000002A         TMR0_IRQHandler
  176 0000002A         TMR1_IRQHandler
  177 0000002A         TMR2_IRQHandler
  178 0000002A         TMR3_IRQHandler
  179 0000002A         UART0_IRQHandler
  180 0000002A         UART1_IRQHandler
  181 0000002A         SPI0_IRQHandler
  182 0000002A         SPI1_IRQHandler
  183 0000002A         I2C_IRQHandler
  184 0000002A         PWRWU_IRQHandler
  185 0000002A         ADC_IRQHandler
  186 0000002A E7FE            B                .



ARM Macro Assembler    Page 5 


  187 0000002C                 ENDP
  188 0000002C         
  189 0000002C         
  190 0000002C                 ALIGN
  191 0000002C         
  192 0000002C         
  193 0000002C         ; User Initial Stack & Heap
  194 0000002C         
  195 0000002C                 IF               :DEF:__MICROLIB
  202 0000002C         
  203 0000002C                 IMPORT           __use_two_region_memory
  204 0000002C                 EXPORT           __user_initial_stackheap
  205 0000002C         __user_initial_stackheap
  206 0000002C         
  207 0000002C 4808            LDR              R0, =  Heap_Mem
  208 0000002E 4909            LDR              R1, = (Stack_Mem + Stack_Size)
  209 00000030 4A07            LDR              R2, = (Heap_Mem +  Heap_Size)
  210 00000032 4B09            LDR              R3, = Stack_Mem
  211 00000034 4770            BX               LR
  212 00000036         
  213 00000036 00 00           ALIGN
  214 00000038         
  215 00000038                 ENDIF
  216 00000038         
  217 00000038         
  218 00000038                 END
              50000100 
              00000059 
              00000016 
              00000088 
              00000020 
              00000000 
              00000000 
              00000400 
              00000000 
Command Line: --debug --xref --cpu=Cortex-M0 --apcs=interwork --depend=.\output
\startup_m051.d -o.\output\startup_m051.o -IC:\Keil_v5\ARM\RV31\INC -IC:\Keil_v
5\ARM\PACK\ARM\CMSIS\3.20.4\CMSIS\Include --predefine="__EVAL SETA 1" --list=.\
listing\startup_m051.lst ..\..\Libraries\Common\startup_M051.s



ARM Macro Assembler    Page 1 Alphabetic symbol ordering
Relocatable symbols

STACK 00000000

Symbol: STACK
   Definitions
      At line 9 in file ..\..\Libraries\Common\startup_M051.s
   Uses
      None
Comment: STACK unused
Stack_Mem 00000000

Symbol: Stack_Mem
   Definitions
      At line 10 in file ..\..\Libraries\Common\startup_M051.s
   Uses
      At line 208 in file ..\..\Libraries\Common\startup_M051.s
      At line 210 in file ..\..\Libraries\Common\startup_M051.s

__initial_sp 00000400

Symbol: __initial_sp
   Definitions
      At line 11 in file ..\..\Libraries\Common\startup_M051.s
   Uses
      At line 34 in file ..\..\Libraries\Common\startup_M051.s
Comment: __initial_sp used once
3 symbols



ARM Macro Assembler    Page 1 Alphabetic symbol ordering
Relocatable symbols

HEAP 00000000

Symbol: HEAP
   Definitions
      At line 20 in file ..\..\Libraries\Common\startup_M051.s
   Uses
      None
Comment: HEAP unused
Heap_Mem 00000000

Symbol: Heap_Mem
   Definitions
      At line 22 in file ..\..\Libraries\Common\startup_M051.s
   Uses
      At line 207 in file ..\..\Libraries\Common\startup_M051.s
      At line 209 in file ..\..\Libraries\Common\startup_M051.s

__heap_base 00000000

Symbol: __heap_base
   Definitions
      At line 21 in file ..\..\Libraries\Common\startup_M051.s
   Uses
      None
Comment: __heap_base unused
__heap_limit 00000000

Symbol: __heap_limit
   Definitions
      At line 23 in file ..\..\Libraries\Common\startup_M051.s
   Uses
      None
Comment: __heap_limit unused
4 symbols



ARM Macro Assembler    Page 1 Alphabetic symbol ordering
Relocatable symbols

RESET 00000000

Symbol: RESET
   Definitions
      At line 31 in file ..\..\Libraries\Common\startup_M051.s
   Uses
      None
Comment: RESET unused
__Vectors 00000000

Symbol: __Vectors
   Definitions
      At line 34 in file ..\..\Libraries\Common\startup_M051.s
   Uses
      At line 32 in file ..\..\Libraries\Common\startup_M051.s
Comment: __Vectors used once
2 symbols



ARM Macro Assembler    Page 1 Alphabetic symbol ordering
Relocatable symbols

 0000001C

Symbol: 
   Definitions
      None
   Uses
      None
Warning:  undefinedComment:  unused
.text 00000000

Symbol: .text
   Definitions
      At line 88 in file ..\..\Libraries\Common\startup_M051.s
   Uses
      None
Comment: .text unused
ADC_IRQHandler 0000002A

Symbol: ADC_IRQHandler
   Definitions
      At line 185 in file ..\..\Libraries\Common\startup_M051.s
   Uses
      At line 82 in file ..\..\Libraries\Common\startup_M051.s
      At line 165 in file ..\..\Libraries\Common\startup_M051.s

BOD_IRQHandler 0000002A

Symbol: BOD_IRQHandler
   Definitions
      At line 167 in file ..\..\Libraries\Common\startup_M051.s
   Uses
      At line 53 in file ..\..\Libraries\Common\startup_M051.s
      At line 147 in file ..\..\Libraries\Common\startup_M051.s

Default_Handler 0000002A

Symbol: Default_Handler
   Definitions
      At line 145 in file ..\..\Libraries\Common\startup_M051.s
   Uses
      At line 69 in file ..\..\Libraries\Common\startup_M051.s
      At line 70 in file ..\..\Libraries\Common\startup_M051.s
      At line 72 in file ..\..\Libraries\Common\startup_M051.s
      At line 73 in file ..\..\Libraries\Common\startup_M051.s
      At line 74 in file ..\..\Libraries\Common\startup_M051.s
      At line 75 in file ..\..\Libraries\Common\startup_M051.s
      At line 76 in file ..\..\Libraries\Common\startup_M051.s
      At line 77 in file ..\..\Libraries\Common\startup_M051.s
      At line 78 in file ..\..\Libraries\Common\startup_M051.s
      At line 79 in file ..\..\Libraries\Common\startup_M051.s
      At line 80 in file ..\..\Libraries\Common\startup_M051.s
      At line 83 in file ..\..\Libraries\Common\startup_M051.s
      At line 84 in file ..\..\Libraries\Common\startup_M051.s

EINT0_IRQHandler 0000002A

Symbol: EINT0_IRQHandler
   Definitions
      At line 169 in file ..\..\Libraries\Common\startup_M051.s



ARM Macro Assembler    Page 2 Alphabetic symbol ordering
Relocatable symbols

   Uses
      At line 55 in file ..\..\Libraries\Common\startup_M051.s
      At line 149 in file ..\..\Libraries\Common\startup_M051.s

EINT1_IRQHandler 0000002A

Symbol: EINT1_IRQHandler
   Definitions
      At line 170 in file ..\..\Libraries\Common\startup_M051.s
   Uses
      At line 56 in file ..\..\Libraries\Common\startup_M051.s
      At line 150 in file ..\..\Libraries\Common\startup_M051.s

GPIOP0P1_IRQHandler 0000002A

Symbol: GPIOP0P1_IRQHandler
   Definitions
      At line 171 in file ..\..\Libraries\Common\startup_M051.s
   Uses
      At line 57 in file ..\..\Libraries\Common\startup_M051.s
      At line 151 in file ..\..\Libraries\Common\startup_M051.s

GPIOP2P3P4_IRQHandler 0000002A

Symbol: GPIOP2P3P4_IRQHandler
   Definitions
      At line 172 in file ..\..\Libraries\Common\startup_M051.s
   Uses
      At line 58 in file ..\..\Libraries\Common\startup_M051.s
      At line 152 in file ..\..\Libraries\Common\startup_M051.s

HardFault_Handler 00000022

Symbol: HardFault_Handler
   Definitions
      At line 128 in file ..\..\Libraries\Common\startup_M051.s
   Uses
      At line 37 in file ..\..\Libraries\Common\startup_M051.s
      At line 129 in file ..\..\Libraries\Common\startup_M051.s

I2C_IRQHandler 0000002A

Symbol: I2C_IRQHandler
   Definitions
      At line 183 in file ..\..\Libraries\Common\startup_M051.s
   Uses
      At line 71 in file ..\..\Libraries\Common\startup_M051.s
      At line 163 in file ..\..\Libraries\Common\startup_M051.s

NMI_Handler 00000020

Symbol: NMI_Handler
   Definitions
      At line 123 in file ..\..\Libraries\Common\startup_M051.s
   Uses
      At line 36 in file ..\..\Libraries\Common\startup_M051.s
      At line 124 in file ..\..\Libraries\Common\startup_M051.s

PWMA_IRQHandler 0000002A



ARM Macro Assembler    Page 3 Alphabetic symbol ordering
Relocatable symbols


Symbol: PWMA_IRQHandler
   Definitions
      At line 173 in file ..\..\Libraries\Common\startup_M051.s
   Uses
      At line 59 in file ..\..\Libraries\Common\startup_M051.s
      At line 153 in file ..\..\Libraries\Common\startup_M051.s

PWMB_IRQHandler 0000002A

Symbol: PWMB_IRQHandler
   Definitions
      At line 174 in file ..\..\Libraries\Common\startup_M051.s
   Uses
      At line 60 in file ..\..\Libraries\Common\startup_M051.s
      At line 154 in file ..\..\Libraries\Common\startup_M051.s

PWRWU_IRQHandler 0000002A

Symbol: PWRWU_IRQHandler
   Definitions
      At line 184 in file ..\..\Libraries\Common\startup_M051.s
   Uses
      At line 81 in file ..\..\Libraries\Common\startup_M051.s
      At line 164 in file ..\..\Libraries\Common\startup_M051.s

PendSV_Handler 00000026

Symbol: PendSV_Handler
   Definitions
      At line 136 in file ..\..\Libraries\Common\startup_M051.s
   Uses
      At line 48 in file ..\..\Libraries\Common\startup_M051.s
      At line 137 in file ..\..\Libraries\Common\startup_M051.s

Reset_Handler 00000000

Symbol: Reset_Handler
   Definitions
      At line 95 in file ..\..\Libraries\Common\startup_M051.s
   Uses
      At line 35 in file ..\..\Libraries\Common\startup_M051.s
      At line 96 in file ..\..\Libraries\Common\startup_M051.s

SPI0_IRQHandler 0000002A

Symbol: SPI0_IRQHandler
   Definitions
      At line 181 in file ..\..\Libraries\Common\startup_M051.s
   Uses
      At line 67 in file ..\..\Libraries\Common\startup_M051.s
      At line 161 in file ..\..\Libraries\Common\startup_M051.s

SPI1_IRQHandler 0000002A

Symbol: SPI1_IRQHandler
   Definitions
      At line 182 in file ..\..\Libraries\Common\startup_M051.s
   Uses



ARM Macro Assembler    Page 4 Alphabetic symbol ordering
Relocatable symbols

      At line 68 in file ..\..\Libraries\Common\startup_M051.s
      At line 162 in file ..\..\Libraries\Common\startup_M051.s

SVC_Handler 00000024

Symbol: SVC_Handler
   Definitions
      At line 132 in file ..\..\Libraries\Common\startup_M051.s
   Uses
      At line 45 in file ..\..\Libraries\Common\startup_M051.s
      At line 133 in file ..\..\Libraries\Common\startup_M051.s

SysTick_Handler 00000028

Symbol: SysTick_Handler
   Definitions
      At line 140 in file ..\..\Libraries\Common\startup_M051.s
   Uses
      At line 49 in file ..\..\Libraries\Common\startup_M051.s
      At line 141 in file ..\..\Libraries\Common\startup_M051.s

TMR0_IRQHandler 0000002A

Symbol: TMR0_IRQHandler
   Definitions
      At line 175 in file ..\..\Libraries\Common\startup_M051.s
   Uses
      At line 61 in file ..\..\Libraries\Common\startup_M051.s
      At line 155 in file ..\..\Libraries\Common\startup_M051.s

TMR1_IRQHandler 0000002A

Symbol: TMR1_IRQHandler
   Definitions
      At line 176 in file ..\..\Libraries\Common\startup_M051.s
   Uses
      At line 62 in file ..\..\Libraries\Common\startup_M051.s
      At line 156 in file ..\..\Libraries\Common\startup_M051.s

TMR2_IRQHandler 0000002A

Symbol: TMR2_IRQHandler
   Definitions
      At line 177 in file ..\..\Libraries\Common\startup_M051.s
   Uses
      At line 63 in file ..\..\Libraries\Common\startup_M051.s
      At line 157 in file ..\..\Libraries\Common\startup_M051.s

TMR3_IRQHandler 0000002A

Symbol: TMR3_IRQHandler
   Definitions
      At line 178 in file ..\..\Libraries\Common\startup_M051.s
   Uses
      At line 64 in file ..\..\Libraries\Common\startup_M051.s
      At line 158 in file ..\..\Libraries\Common\startup_M051.s

UART0_IRQHandler 0000002A




ARM Macro Assembler    Page 5 Alphabetic symbol ordering
Relocatable symbols

Symbol: UART0_IRQHandler
   Definitions
      At line 179 in file ..\..\Libraries\Common\startup_M051.s
   Uses
      At line 65 in file ..\..\Libraries\Common\startup_M051.s
      At line 159 in file ..\..\Libraries\Common\startup_M051.s

UART1_IRQHandler 0000002A

Symbol: UART1_IRQHandler
   Definitions
      At line 180 in file ..\..\Libraries\Common\startup_M051.s
   Uses
      At line 66 in file ..\..\Libraries\Common\startup_M051.s
      At line 160 in file ..\..\Libraries\Common\startup_M051.s

WDT_IRQHandler 0000002A

Symbol: WDT_IRQHandler
   Definitions
      At line 168 in file ..\..\Libraries\Common\startup_M051.s
   Uses
      At line 54 in file ..\..\Libraries\Common\startup_M051.s
      At line 148 in file ..\..\Libraries\Common\startup_M051.s

__user_initial_stackheap 0000002C

Symbol: __user_initial_stackheap
   Definitions
      At line 205 in file ..\..\Libraries\Common\startup_M051.s
   Uses
      At line 204 in file ..\..\Libraries\Common\startup_M051.s
Comment: __user_initial_stackheap used once
29 symbols



ARM Macro Assembler    Page 1 Alphabetic symbol ordering
Absolute symbols

Heap_Size 00000000

Symbol: Heap_Size
   Definitions
      At line 18 in file ..\..\Libraries\Common\startup_M051.s
   Uses
      At line 22 in file ..\..\Libraries\Common\startup_M051.s
      At line 209 in file ..\..\Libraries\Common\startup_M051.s

Stack_Size 00000400

Symbol: Stack_Size
   Definitions
      At line 7 in file ..\..\Libraries\Common\startup_M051.s
   Uses
      At line 10 in file ..\..\Libraries\Common\startup_M051.s
      At line 208 in file ..\..\Libraries\Common\startup_M051.s

2 symbols



ARM Macro Assembler    Page 1 Alphabetic symbol ordering
External symbols

__main 00000000

Symbol: __main
   Definitions
      At line 97 in file ..\..\Libraries\Common\startup_M051.s
   Uses
      At line 116 in file ..\..\Libraries\Common\startup_M051.s
Comment: __main used once
__use_two_region_memory 00000000

Symbol: __use_two_region_memory
   Definitions
      At line 203 in file ..\..\Libraries\Common\startup_M051.s
   Uses
      None
Comment: __use_two_region_memory unused
2 symbols
377 symbols in table
